[0923/100529.872:ERROR:process_reader_win.cc(123)] NtOpenThread: {Access Denied} A process has requested access to an object, but has not been granted those access rights. (0xc0000022)
[0923/100529.574:ERROR:process_reader_win.cc(123)] NtOpenThread: {Access Denied} A process has requested access to an object, but has not been granted those access rights. (0xc0000022)
[0923/100529.574:ERROR:process_reader_win.cc(151)] SuspendThread: Access is denied. (0x5)
[0923/100529.862:ERROR:process_reader_win.cc(123)] NtOpenThread: {Access Denied} A process has requested access to an object, but has not been granted those access rights. (0xc0000022)
[0923/100529.574:ERROR:process_reader_win.cc(123)] NtOpenThread: {Access Denied} A process has requested access to an object, but has not been granted those access rights. (0xc0000022)
[0923/100530.744:ERROR:exception_snapshot_win.cc(99)] thread ID 14308 not found in process
[0923/100530.744:ERROR:exception_snapshot_win.cc(99)] thread ID 2160 not found in process
[0923/100530.744:ERROR:exception_snapshot_win.cc(99)] thread ID 5756 not found in process
[0923/100531.028:ERROR:exception_snapshot_win.cc(99)] thread ID 76 not found in process
[0923/100530.744:ERROR:process_reader_win.cc(151)] SuspendThread: Access is denied. (0x5)
[0923/100531.028:ERROR:process_reader_win.cc(123)] NtOpenThread: {Access Denied} A process has requested access to an object, but has not been granted those access rights. (0xc0000022)
[0923/100531.029:ERROR:exception_snapshot_win.cc(99)] thread ID 16700 not found in process
[0924/184348.093:ERROR:process_reader_win.cc(123)] NtOpenThread: {Access Denied} A process has requested access to an object, but has not been granted those access rights. (0xc0000022)
[0924/184350.472:ERROR:exception_snapshot_win.cc(99)] thread ID 2460 not found in process
[0924/184350.472:ERROR:scoped_process_suspend.cc(40)] NtResumeProcess: An attempt was made to access an exiting process. (0xc000010a)
[0924/184350.629:ERROR:process_info.cc(329)] VirtualQueryEx: Access is denied. (0x5)
[0924/184350.630:ERROR:process_info.cc(556)] ReadMemoryInfo failed
[0924/184350.629:ERROR:process_info.cc(329)] VirtualQueryEx: Access is denied. (0x5)
[0924/184350.630:ERROR:process_info.cc(556)] ReadMemoryInfo failed
[0924/184350.630:ERROR:scoped_process_suspend.cc(40)] NtResumeProcess: An attempt was made to access an exiting process. (0xc000010a)
[0924/184350.630:ERROR:scoped_process_suspend.cc(40)] NtResumeProcess: An attempt was made to access an exiting process. (0xc000010a)
[0927/174440.599:ERROR:process_memory_win.cc(73)] ReadMemory at 0x7ff7884b0000 of 64 bytes failed: Only part of a ReadProcessMemory or WriteProcessMemory request was completed. (0x12B)
[0927/174440.889:WARNING:pe_image_reader.cc(340)] could not read dos header from C:\Program Files (x86)\Google\Chrome\Application\chrome.exe
[0927/174440.889:ERROR:process_memory_win.cc(73)] ReadMemory at 0x7ff870db0000 of 64 bytes failed: Only part of a ReadProcessMemory or WriteProcessMemory request was completed. (0x12B)
[0927/174440.889:WARNING:pe_image_reader.cc(340)] could not read dos header from C:\Windows\SYSTEM32\ntdll.dll
[0927/174440.889:ERROR:process_memory_win.cc(73)] ReadMemory at 0x7ff86e6d0000 of 64 bytes failed: Only part of a ReadProcessMemory or WriteProcessMemory request was completed. (0x12B)
[0927/174440.889:WARNING:pe_image_reader.cc(340)] could not read dos header from C:\Windows\System32\KERNEL32.DLL
[0927/174440.889:ERROR:process_memory_win.cc(73)] ReadMemory at 0x7ff86d2a0000 of 64 bytes failed: Only part of a ReadProcessMemory or WriteProcessMemory request was completed. (0x12B)
[0927/174440.889:WARNING:pe_image_reader.cc(340)] could not read dos header from C:\Windows\System32\KERNELBASE.dll
[0927/174440.889:ERROR:process_memory_win.cc(73)] ReadMemory at 0x7ff837a40000 of 64 bytes failed: Only part of a ReadProcessMemory or WriteProcessMemory request was completed. (0x12B)
[0927/174440.889:WARNING:pe_image_reader.cc(340)] could not read dos header from C:\Program Files (x86)\Google\Chrome\Application\85.0.4183.121\chrome_elf.dll
[0927/174440.943:ERROR:process_memory_win.cc(73)] ReadMemory at 0x7ff8674a0000 of 64 bytes failed: Only part of a ReadProcessMemory or WriteProcessMemory request was completed. (0x12B)
[0927/174440.943:WARNING:pe_image_reader.cc(340)] could not read dos header from C:\Windows\SYSTEM32\VERSION.dll
[0927/174440.943:ERROR:process_memory_win.cc(73)] ReadMemory at 0x7ff86e180000 of 64 bytes failed: Only part of a ReadProcessMemory or WriteProcessMemory request was completed. (0x12B)
[0927/174440.943:WARNING:pe_image_reader.cc(340)] could not read dos header from C:\Windows\System32\msvcrt.dll
[0927/174440.943:ERROR:process_memory_win.cc(73)] ReadMemory at 0x7ff86df50000 of 64 bytes failed: Only part of a ReadProcessMemory or WriteProcessMemory request was completed. (0x12B)
[0927/174440.943:WARNING:pe_image_reader.cc(340)] could not read dos header from C:\Windows\System32\bcryptPrimitives.dll
[0927/174440.943:ERROR:process_memory_win.cc(73)] ReadMemory at 0x7ff86ead0000 of 64 bytes failed: Only part of a ReadProcessMemory or WriteProcessMemory request was completed. (0x12B)
[0927/174440.943:WARNING:pe_image_reader.cc(340)] could not read dos header from C:\Windows\System32\ADVAPI32.dll
[0927/174440.943:ERROR:process_memory_win.cc(73)] ReadMemory at 0x211e6220000 of 64 bytes failed: Only part of a ReadProcessMemory or WriteProcessMemory request was completed. (0x12B)
[0927/174440.943:WARNING:pe_image_reader.cc(340)] could not read dos header from C:\Windows\System32\sechost.dll
[0927/174440.943:ERROR:process_memory_win.cc(73)] ReadMemory at 0x7ff86e9a0000 of 64 bytes failed: Only part of a ReadProcessMemory or WriteProcessMemory request was completed. (0x12B)
[0927/174440.943:WARNING:pe_image_reader.cc(340)] could not read dos header from C:\Windows\System32\RPCRT4.dll
[0927/174440.943:ERROR:process_memory_win.cc(73)] ReadMemory at 0x7ff815ea0000 of 64 bytes failed: Only part of a ReadProcessMemory or WriteProcessMemory request was completed. (0x12B)
[0927/174440.943:WARNING:pe_image_reader.cc(340)] could not read dos header from C:\Program Files (x86)\Google\Chrome\Application\85.0.4183.121\chrome.dll
[0927/174440.943:ERROR:process_memory_win.cc(73)] ReadMemory at 0x7ff86e660000 of 64 bytes failed: Only part of a ReadProcessMemory or WriteProcessMemory request was completed. (0x12B)
[0927/174440.943:WARNING:pe_image_reader.cc(340)] could not read dos header from C:\Windows\System32\WS2_32.dll
[0927/174440.943:ERROR:process_memory_win.cc(73)] ReadMemory at 0x7ff86e830000 of 64 bytes failed: Only part of a ReadProcessMemory or WriteProcessMemory request was completed. (0x12B)
[0927/174440.943:WARNING:pe_image_reader.cc(340)] could not read dos header from C:\Windows\System32\OLEAUT32.dll
[0927/174440.943:ERROR:process_memory_win.cc(73)] ReadMemory at 0x7ff86ce80000 of 64 bytes failed: Only part of a ReadProcessMemory or WriteProcessMemory request was completed. (0x12B)
[0927/174440.943:WARNING:pe_image_reader.cc(340)] could not read dos header from C:\Windows\System32\msvcp_win.dll
[0927/174440.943:ERROR:process_memory_win.cc(73)] ReadMemory at 0x7ff86d6a0000 of 64 bytes failed: Only part of a ReadProcessMemory or WriteProcessMemory request was completed. (0x12B)
[0927/174440.943:WARNING:pe_image_reader.cc(340)] could not read dos header from C:\Windows\System32\ucrtbase.dll
[0927/174440.943:ERROR:process_memory_win.cc(73)] ReadMemory at 0x7ff86ebe0000 of 64 bytes failed: Only part of a ReadProcessMemory or WriteProcessMemory request was completed. (0x12B)
[0927/174440.943:WARNING:pe_image_reader.cc(340)] could not read dos header from C:\Windows\System32\combase.dll
[0927/174440.943:ERROR:process_memory_win.cc(73)] ReadMemory at 0x7ff86d540000 of 64 bytes failed: Only part of a ReadProcessMemory or WriteProcessMemory request was completed. (0x12B)
[0927/174440.943:WARNING:pe_image_reader.cc(340)] could not read dos header from C:\Windows\System32\WINTRUST.dll
[0927/174440.943:ERROR:process_memory_win.cc(73)] ReadMemory at 0x7ff86cd90000 of 64 bytes failed: Only part of a ReadProcessMemory or WriteProcessMemory request was completed. (0x12B)
[0927/174440.943:WARNING:pe_image_reader.cc(340)] could not read dos header from C:\Windows\System32\MSASN1.dll
[0927/174440.943:ERROR:process_memory_win.cc(73)] ReadMemory at 0x7ff86d0c0000 of 64 bytes failed: Only part of a ReadProcessMemory or WriteProcessMemory request was completed. (0x12B)
[0927/174440.943:WARNING:pe_image_reader.cc(340)] could not read dos header from C:\Windows\System32\CRYPT32.dll
[0927/174440.943:ERROR:process_memory_win.cc(73)] ReadMemory at 0x7ff86bed0000 of 64 bytes failed: Only part of a ReadProcessMemory or WriteProcessMemory request was completed. (0x12B)
[0927/174440.943:WARNING:pe_image_reader.cc(340)] could not read dos header from C:\Windows\SYSTEM32\IPHLPAPI.DLL
[0927/174440.943:ERROR:process_memory_win.cc(73)] ReadMemory at 0x7ff86a280000 of 64 bytes failed: Only part of a ReadProcessMemory or WriteProcessMemory request was completed. (0x12B)
[0927/174440.943:WARNING:pe_image_reader.cc(340)] could not read dos header from C:\Windows\SYSTEM32\WINMM.dll
[0927/174440.943:ERROR:process_memory_win.cc(73)] ReadMemory at 0x7ff851e10000 of 64 bytes failed: Only part of a ReadProcessMemory or WriteProcessMemory request was completed. (0x12B)
[0927/174440.943:WARNING:pe_image_reader.cc(340)] could not read dos header from C:\Windows\SYSTEM32\UIAutomationCore.DLL
[0927/174440.943:ERROR:process_memory_win.cc(73)] ReadMemory at 0x7ff857c40000 of 64 bytes failed: Only part of a ReadProcessMemory or WriteProcessMemory request was completed. (0x12B)
[0927/174440.943:WARNING:pe_image_reader.cc(340)] could not read dos header from C:\Windows\SYSTEM32\Secur32.dll
[0927/174440.943:ERROR:process_memory_win.cc(73)] ReadMemory at 0x7ff86cc80000 of 64 bytes failed: Only part of a ReadProcessMemory or WriteProcessMemory request was completed. (0x12B)
[0927/174440.943:WARNING:pe_image_reader.cc(340)] could not read dos header from C:\Windows\SYSTEM32\USERENV.dll
[0927/174440.943:ERROR:process_memory_win.cc(73)] ReadMemory at 0x7ff86cdd0000 of 64 bytes failed: Only part of a ReadProcessMemory or WriteProcessMemory request was completed. (0x12B)
[0927/174440.943:WARNING:pe_image_reader.cc(340)] could not read dos header from C:\Windows\System32\profapi.dll
[0927/174440.943:ERROR:process_memory_win.cc(73)] ReadMemory at 0x7ff863740000 of 64 bytes failed: Only part of a ReadProcessMemory or WriteProcessMemory request was completed. (0x12B)
[0927/174440.943:WARNING:pe_image_reader.cc(340)] could not read dos header from C:\Windows\SYSTEM32\DWrite.dll
[0927/174440.943:ERROR:process_memory_win.cc(73)] ReadMemory at 0x7ff85ca90000 of 64 bytes failed: Only part of a ReadProcessMemory or WriteProcessMemory request was completed. (0x12B)
[0927/174440.943:WARNING:pe_image_reader.cc(340)] could not read dos header from C:\Windows\SYSTEM32\WINSPOOL.DRV
[0927/174440.943:ERROR:process_memory_win.cc(73)] ReadMemory at 0x7ff86cdb0000 of 64 bytes failed: Only part of a ReadProcessMemory or WriteProcessMemory request was completed. (0x12B)
[0927/174440.943:WARNING:pe_image_reader.cc(340)] could not read dos header from C:\Windows\System32\kernel.appcore.dll
[0927/174440.943:ERROR:process_memory_win.cc(73)] ReadMemory at 0x7ff86d670000 of 64 bytes failed: Only part of a ReadProcessMemory or WriteProcessMemory request was completed. (0x12B)
[0927/174440.943:WARNING:pe_image_reader.cc(340)] could not read dos header from C:\Windows\System32\bcrypt.dll
[0927/174440.943:ERROR:process_memory_win.cc(73)] ReadMemory at 0x7ff86c860000 of 64 bytes failed: Only part of a ReadProcessMemory or WriteProcessMemory request was completed. (0x12B)
[0927/174440.943:WARNING:pe_image_reader.cc(340)] could not read dos header from C:\Windows\SYSTEM32\dbghelp.dll
[0927/174440.943:ERROR:process_memory_win.cc(73)] ReadMemory at 0x7ff85cb30000 of 64 bytes failed: Only part of a ReadProcessMemory or WriteProcessMemory request was completed. (0x12B)
[0927/174440.943:WARNING:pe_image_reader.cc(340)] could not read dos header from C:\Windows\SYSTEM32\WINHTTP.dll
[0927/174440.943:ERROR:process_memory_win.cc(73)] ReadMemory at 0x7ff866650000 of 64 bytes failed: Only part of a ReadProcessMemory or WriteProcessMemory request was completed. (0x12B)
[0927/174440.943:WARNING:pe_image_reader.cc(340)] could not read dos header from C:\Windows\SYSTEM32\dhcpcsvc.DLL
[0927/174440.943:ERROR:process_memory_win.cc(73)] ReadMemory at 0x7ff86e900000 of 64 bytes failed: Only part of a ReadProcessMemory or WriteProcessMemory request was completed. (0x12B)
[0927/174440.943:WARNING:pe_image_reader.cc(340)] could not read dos header from C:\Windows\System32\NSI.dll
[0927/174440.943:ERROR:process_memory_win.cc(73)] ReadMemory at 0x7ff869ef0000 of 64 bytes failed: Only part of a ReadProcessMemory or WriteProcessMemory request was completed. (0x12B)
[0927/174440.943:WARNING:pe_image_reader.cc(340)] could not read dos header from C:\Windows\SYSTEM32\WINMMBASE.dll
[0927/174440.943:ERROR:process_memory_win.cc(73)] ReadMemory at 0x7ff86d7a0000 of 64 bytes failed: Only part of a ReadProcessMemory or WriteProcessMemory request was completed. (0x12B)
[0927/174440.943:WARNING:pe_image_reader.cc(340)] could not read dos header from C:\Windows\System32\cfgmgr32.dll
[0927/174440.943:ERROR:process_memory_win.cc(73)] ReadMemory at 0x7ff8678d0000 of 64 bytes failed: Only part of a ReadProcessMemory or WriteProcessMemory request was completed. (0x12B)
[0927/174440.943:WARNING:pe_image_reader.cc(340)] could not read dos header from C:\Windows\SYSTEM32\Bcp47Langs.dll
[0927/174440.943:ERROR:process_memory_win.cc(73)] ReadMemory at 0x7ff868e60000 of 64 bytes failed: Only part of a ReadProcessMemory or WriteProcessMemory request was completed. (0x12B)
[0927/174440.943:WARNING:pe_image_reader.cc(340)] could not read dos header from C:\Windows\SYSTEM32\PROPSYS.dll
[0927/174440.948:ERROR:process_memory_win.cc(73)] ReadMemory at 0x7ff870c00000 of 64 bytes failed: Only part of a ReadProcessMemory or WriteProcessMemory request was completed. (0x12B)
[0927/174440.948:WARNING:pe_image_reader.cc(340)] could not read dos header from C:\Windows\System32\shcore.dll
[0927/174440.948:ERROR:process_memory_win.cc(73)] ReadMemory at 0x7ff86ccb0000 of 64 bytes failed: Only part of a ReadProcessMemory or WriteProcessMemory request was completed. (0x12B)
[0927/174440.948:WARNING:pe_image_reader.cc(340)] could not read dos header from C:\Windows\SYSTEM32\SSPICLI.DLL
[0927/174440.948:ERROR:process_memory_win.cc(73)] ReadMemory at 0x7ff86c380000 of 64 bytes failed: Only part of a ReadProcessMemory or WriteProcessMemory request was completed. (0x12B)
[0927/174440.948:WARNING:pe_image_reader.cc(340)] could not read dos header from C:\Windows\SYSTEM32\CRYPTBASE.DLL
[0927/174440.956:ERROR:process_memory_win.cc(73)] ReadMemory at 0x7ff7884b0000 of 64 bytes failed: Only part of a ReadProcessMemory or WriteProcessMemory request was completed. (0x12B)
[0927/174440.956:WARNING:pe_image_reader.cc(340)] could not read dos header from C:\Program Files (x86)\Google\Chrome\Application\chrome.exe
[0927/174440.956:ERROR:process_memory_win.cc(73)] ReadMemory at 0x7ff870db0000 of 64 bytes failed: Only part of a ReadProcessMemory or WriteProcessMemory request was completed. (0x12B)
[0927/174440.956:WARNING:pe_image_reader.cc(340)] could not read dos header from C:\Windows\SYSTEM32\ntdll.dll
[0927/174440.956:ERROR:process_memory_win.cc(73)] ReadMemory at 0x7ff86e6d0000 of 64 bytes failed: Only part of a ReadProcessMemory or WriteProcessMemory request was completed. (0x12B)
[0927/174440.956:WARNING:pe_image_reader.cc(340)] could not read dos header from C:\Windows\System32\KERNEL32.DLL
[0927/174440.961:ERROR:process_memory_win.cc(73)] ReadMemory at 0x7ff86d2a0000 of 64 bytes failed: Only part of a ReadProcessMemory or WriteProcessMemory request was completed. (0x12B)
[0927/174440.961:WARNING:pe_image_reader.cc(340)] could not read dos header from C:\Windows\System32\KERNELBASE.dll
[0927/174440.961:ERROR:process_memory_win.cc(73)] ReadMemory at 0x7ff837a40000 of 64 bytes failed: Only part of a ReadProcessMemory or WriteProcessMemory request was completed. (0x12B)
[0927/174440.961:WARNING:pe_image_reader.cc(340)] could not read dos header from C:\Program Files (x86)\Google\Chrome\Application\85.0.4183.121\chrome_elf.dll
[0927/174440.961:ERROR:process_memory_win.cc(73)] ReadMemory at 0x7ff8674a0000 of 64 bytes failed: Only part of a ReadProcessMemory or WriteProcessMemory request was completed. (0x12B)
[0927/174440.961:WARNING:pe_image_reader.cc(340)] could not read dos header from C:\Windows\SYSTEM32\VERSION.dll
[0927/174440.961:ERROR:process_memory_win.cc(73)] ReadMemory at 0x7ff86e180000 of 64 bytes failed: Only part of a ReadProcessMemory or WriteProcessMemory request was completed. (0x12B)
[0927/174440.963:WARNING:pe_image_reader.cc(340)] could not read dos header from C:\Windows\System32\msvcrt.dll
[0927/174440.963:ERROR:process_memory_win.cc(73)] ReadMemory at 0x7ff86df50000 of 64 bytes failed: Only part of a ReadProcessMemory or WriteProcessMemory request was completed. (0x12B)
[0927/174440.964:WARNING:pe_image_reader.cc(340)] could not read dos header from C:\Windows\System32\bcryptPrimitives.dll
[0927/174440.964:ERROR:process_memory_win.cc(73)] ReadMemory at 0x7ff86ead0000 of 64 bytes failed: Only part of a ReadProcessMemory or WriteProcessMemory request was completed. (0x12B)
[0927/174440.964:WARNING:pe_image_reader.cc(340)] could not read dos header from C:\Windows\System32\ADVAPI32.dll
[0927/174440.964:ERROR:process_memory_win.cc(73)] ReadMemory at 0x211e6220000 of 64 bytes failed: Only part of a ReadProcessMemory or WriteProcessMemory request was completed. (0x12B)
[0927/174440.964:WARNING:pe_image_reader.cc(340)] could not read dos header from C:\Windows\System32\sechost.dll
[0927/174440.964:ERROR:process_memory_win.cc(73)] ReadMemory at 0x7ff86e9a0000 of 64 bytes failed: Only part of a ReadProcessMemory or WriteProcessMemory request was completed. (0x12B)
[0927/174440.964:WARNING:pe_image_reader.cc(340)] could not read dos header from C:\Windows\System32\RPCRT4.dll
[0927/174440.964:ERROR:process_memory_win.cc(73)] ReadMemory at 0x7ff815ea0000 of 64 bytes failed: Only part of a ReadProcessMemory or WriteProcessMemory request was completed. (0x12B)
[0927/174440.964:WARNING:pe_image_reader.cc(340)] could not read dos header from C:\Program Files (x86)\Google\Chrome\Application\85.0.4183.121\chrome.dll
[0927/174440.964:ERROR:process_memory_win.cc(73)] ReadMemory at 0x7ff86e660000 of 64 bytes failed: Only part of a ReadProcessMemory or WriteProcessMemory request was completed. (0x12B)
[0927/174440.964:WARNING:pe_image_reader.cc(340)] could not read dos header from C:\Windows\System32\WS2_32.dll
[0927/174440.964:ERROR:process_memory_win.cc(73)] ReadMemory at 0x7ff86e830000 of 64 bytes failed: Only part of a ReadProcessMemory or WriteProcessMemory request was completed. (0x12B)
[0927/174440.964:WARNING:pe_image_reader.cc(340)] could not read dos header from C:\Windows\System32\OLEAUT32.dll
[0927/174440.964:ERROR:process_memory_win.cc(73)] ReadMemory at 0x7ff86ce80000 of 64 bytes failed: Only part of a ReadProcessMemory or WriteProcessMemory request was completed. (0x12B)
[0927/174440.964:WARNING:pe_image_reader.cc(340)] could not read dos header from C:\Windows\System32\msvcp_win.dll
[0927/174440.964:ERROR:process_memory_win.cc(73)] ReadMemory at 0x7ff86d6a0000 of 64 bytes failed: Only part of a ReadProcessMemory or WriteProcessMemory request was completed. (0x12B)
[0927/174440.964:WARNING:pe_image_reader.cc(340)] could not read dos header from C:\Windows\System32\ucrtbase.dll
[0927/174440.964:ERROR:process_memory_win.cc(73)] ReadMemory at 0x7ff86ebe0000 of 64 bytes failed: Only part of a ReadProcessMemory or WriteProcessMemory request was completed. (0x12B)
[0927/174440.964:WARNING:pe_image_reader.cc(340)] could not read dos header from C:\Windows\System32\combase.dll
[0927/174440.964:ERROR:process_memory_win.cc(73)] ReadMemory at 0x7ff86d540000 of 64 bytes failed: Only part of a ReadProcessMemory or WriteProcessMemory request was completed. (0x12B)
[0927/174440.964:WARNING:pe_image_reader.cc(340)] could not read dos header from C:\Windows\System32\WINTRUST.dll
[0927/174440.964:ERROR:process_memory_win.cc(73)] ReadMemory at 0x7ff86cd90000 of 64 bytes failed: Only part of a ReadProcessMemory or WriteProcessMemory request was completed. (0x12B)
[0927/174440.964:WARNING:pe_image_reader.cc(340)] could not read dos header from C:\Windows\System32\MSASN1.dll
[0927/174440.964:ERROR:process_memory_win.cc(73)] ReadMemory at 0x7ff86d0c0000 of 64 bytes failed: Only part of a ReadProcessMemory or WriteProcessMemory request was completed. (0x12B)
[0927/174440.964:WARNING:pe_image_reader.cc(340)] could not read dos header from C:\Windows\System32\CRYPT32.dll
[0927/174440.964:ERROR:process_memory_win.cc(73)] ReadMemory at 0x7ff86bed0000 of 64 bytes failed: Only part of a ReadProcessMemory or WriteProcessMemory request was completed. (0x12B)
[0927/174440.964:WARNING:pe_image_reader.cc(340)] could not read dos header from C:\Windows\SYSTEM32\IPHLPAPI.DLL
[0927/174440.964:ERROR:process_memory_win.cc(73)] ReadMemory at 0x7ff86a280000 of 64 bytes failed: Only part of a ReadProcessMemory or WriteProcessMemory request was completed. (0x12B)
[0927/174440.964:WARNING:pe_image_reader.cc(340)] could not read dos header from C:\Windows\SYSTEM32\WINMM.dll
[0927/174440.964:ERROR:process_memory_win.cc(73)] ReadMemory at 0x7ff851e10000 of 64 bytes failed: Only part of a ReadProcessMemory or WriteProcessMemory request was completed. (0x12B)
[0927/174440.964:WARNING:pe_image_reader.cc(340)] could not read dos header from C:\Windows\SYSTEM32\UIAutomationCore.DLL
[0927/174440.964:ERROR:process_memory_win.cc(73)] ReadMemory at 0x7ff857c40000 of 64 bytes failed: Only part of a ReadProcessMemory or WriteProcessMemory request was completed. (0x12B)
[0927/174440.964:WARNING:pe_image_reader.cc(340)] could not read dos header from C:\Windows\SYSTEM32\Secur32.dll
[0927/174440.964:ERROR:process_memory_win.cc(73)] ReadMemory at 0x7ff86cc80000 of 64 bytes failed: Only part of a ReadProcessMemory or WriteProcessMemory request was completed. (0x12B)
[0927/174440.965:WARNING:pe_image_reader.cc(340)] could not read dos header from C:\Windows\SYSTEM32\USERENV.dll
[0927/174440.965:ERROR:process_memory_win.cc(73)] ReadMemory at 0x7ff86cdd0000 of 64 bytes failed: Only part of a ReadProcessMemory or WriteProcessMemory request was completed. (0x12B)
[0927/174440.965:WARNING:pe_image_reader.cc(340)] could not read dos header from C:\Windows\System32\profapi.dll
[0927/174440.965:ERROR:process_memory_win.cc(73)] ReadMemory at 0x7ff863740000 of 64 bytes failed: Only part of a ReadProcessMemory or WriteProcessMemory request was completed. (0x12B)
[0927/174440.965:WARNING:pe_image_reader.cc(340)] could not read dos header from C:\Windows\SYSTEM32\DWrite.dll
[0927/174440.965:ERROR:process_memory_win.cc(73)] ReadMemory at 0x7ff85ca90000 of 64 bytes failed: Only part of a ReadProcessMemory or WriteProcessMemory request was completed. (0x12B)
[0927/174440.965:WARNING:pe_image_reader.cc(340)] could not read dos header from C:\Windows\SYSTEM32\WINSPOOL.DRV
[0927/174440.965:ERROR:process_memory_win.cc(73)] ReadMemory at 0x7ff86cdb0000 of 64 bytes failed: Only part of a ReadProcessMemory or WriteProcessMemory request was completed. (0x12B)
[0927/174440.965:WARNING:pe_image_reader.cc(340)] could not read dos header from C:\Windows\System32\kernel.appcore.dll
[0927/174440.965:ERROR:process_memory_win.cc(73)] ReadMemory at 0x7ff86d670000 of 64 bytes failed: Only part of a ReadProcessMemory or WriteProcessMemory request was completed. (0x12B)
[0927/174440.965:WARNING:pe_image_reader.cc(340)] could not read dos header from C:\Windows\System32\bcrypt.dll
[0927/174440.965:ERROR:process_memory_win.cc(73)] ReadMemory at 0x7ff86c860000 of 64 bytes failed: Only part of a ReadProcessMemory or WriteProcessMemory request was completed. (0x12B)
[0927/174440.965:WARNING:pe_image_reader.cc(340)] could not read dos header from C:\Windows\SYSTEM32\dbghelp.dll
[0927/174440.965:ERROR:process_memory_win.cc(73)] ReadMemory at 0x7ff85cb30000 of 64 bytes failed: Only part of a ReadProcessMemory or WriteProcessMemory request was completed. (0x12B)
[0927/174440.965:WARNING:pe_image_reader.cc(340)] could not read dos header from C:\Windows\SYSTEM32\WINHTTP.dll
[0927/174440.965:ERROR:process_memory_win.cc(73)] ReadMemory at 0x7ff866650000 of 64 bytes failed: Only part of a ReadProcessMemory or WriteProcessMemory request was completed. (0x12B)
[0927/174440.965:WARNING:pe_image_reader.cc(340)] could not read dos header from C:\Windows\SYSTEM32\dhcpcsvc.DLL
[0927/174440.965:ERROR:process_memory_win.cc(73)] ReadMemory at 0x7ff86e900000 of 64 bytes failed: Only part of a ReadProcessMemory or WriteProcessMemory request was completed. (0x12B)
[0927/174440.965:WARNING:pe_image_reader.cc(340)] could not read dos header from C:\Windows\System32\NSI.dll
[0927/174440.965:ERROR:process_memory_win.cc(73)] ReadMemory at 0x7ff869ef0000 of 64 bytes failed: Only part of a ReadProcessMemory or WriteProcessMemory request was completed. (0x12B)
[0927/174440.965:WARNING:pe_image_reader.cc(340)] could not read dos header from C:\Windows\SYSTEM32\WINMMBASE.dll
[0927/174440.965:ERROR:process_memory_win.cc(73)] ReadMemory at 0x7ff86d7a0000 of 64 bytes failed: Only part of a ReadProcessMemory or WriteProcessMemory request was completed. (0x12B)
[0927/174440.965:WARNING:pe_image_reader.cc(340)] could not read dos header from C:\Windows\System32\cfgmgr32.dll
[0927/174440.965:ERROR:process_memory_win.cc(73)] ReadMemory at 0x7ff8678d0000 of 64 bytes failed: Only part of a ReadProcessMemory or WriteProcessMemory request was completed. (0x12B)
[0927/174440.965:WARNING:pe_image_reader.cc(340)] could not read dos header from C:\Windows\SYSTEM32\Bcp47Langs.dll
[0927/174440.965:ERROR:process_memory_win.cc(73)] ReadMemory at 0x7ff868e60000 of 64 bytes failed: Only part of a ReadProcessMemory or WriteProcessMemory request was completed. (0x12B)
[0927/174440.965:WARNING:pe_image_reader.cc(340)] could not read dos header from C:\Windows\SYSTEM32\PROPSYS.dll
[0927/174440.965:ERROR:process_memory_win.cc(73)] ReadMemory at 0x7ff870c00000 of 64 bytes failed: Only part of a ReadProcessMemory or WriteProcessMemory request was completed. (0x12B)
[0927/174440.965:WARNING:pe_image_reader.cc(340)] could not read dos header from C:\Windows\System32\shcore.dll
[0927/174440.965:ERROR:process_memory_win.cc(73)] ReadMemory at 0x7ff86ccb0000 of 64 bytes failed: Only part of a ReadProcessMemory or WriteProcessMemory request was completed. (0x12B)
[0927/174440.965:WARNING:pe_image_reader.cc(340)] could not read dos header from C:\Windows\SYSTEM32\SSPICLI.DLL
[0927/174440.965:ERROR:process_memory_win.cc(73)] ReadMemory at 0x7ff86c380000 of 64 bytes failed: Only part of a ReadProcessMemory or WriteProcessMemory request was completed. (0x12B)
[0927/174440.965:WARNING:pe_image_reader.cc(340)] could not read dos header from C:\Windows\SYSTEM32\CRYPTBASE.DLL
[0927/174440.965:ERROR:process_memory_win.cc(73)] ReadMemory at 0x7ff7884b0000 of 64 bytes failed: Only part of a ReadProcessMemory or WriteProcessMemory request was completed. (0x12B)
[0927/174440.965:WARNING:pe_image_reader.cc(340)] could not read dos header from C:\Program Files (x86)\Google\Chrome\Application\chrome.exe
[0927/174440.965:ERROR:process_memory_win.cc(73)] ReadMemory at 0x7ff870db0000 of 64 bytes failed: Only part of a ReadProcessMemory or WriteProcessMemory request was completed. (0x12B)
[0927/174440.965:WARNING:pe_image_reader.cc(340)] could not read dos header from C:\Windows\SYSTEM32\ntdll.dll
[0927/174440.965:ERROR:process_memory_win.cc(73)] ReadMemory at 0x7ff86e6d0000 of 64 bytes failed: Only part of a ReadProcessMemory or WriteProcessMemory request was completed. (0x12B)
[0927/174440.965:WARNING:pe_image_reader.cc(340)] could not read dos header from C:\Windows\System32\KERNEL32.DLL
[0927/174440.965:ERROR:process_memory_win.cc(73)] ReadMemory at 0x7ff86d2a0000 of 64 bytes failed: Only part of a ReadProcessMemory or WriteProcessMemory request was completed. (0x12B)
[0927/174440.965:WARNING:pe_image_reader.cc(340)] could not read dos header from C:\Windows\System32\KERNELBASE.dll
[0927/174440.965:ERROR:process_memory_win.cc(73)] ReadMemory at 0x7ff837a40000 of 64 bytes failed: Only part of a ReadProcessMemory or WriteProcessMemory request was completed. (0x12B)
[0927/174440.965:WARNING:pe_image_reader.cc(340)] could not read dos header from C:\Program Files (x86)\Google\Chrome\Application\85.0.4183.121\chrome_elf.dll
[0927/174440.965:ERROR:process_memory_win.cc(73)] ReadMemory at 0x7ff8674a0000 of 64 bytes failed: Only part of a ReadProcessMemory or WriteProcessMemory request was completed. (0x12B)
[0927/174440.965:WARNING:pe_image_reader.cc(340)] could not read dos header from C:\Windows\SYSTEM32\VERSION.dll
[0927/174440.965:ERROR:process_memory_win.cc(73)] ReadMemory at 0x7ff86e180000 of 64 bytes failed: Only part of a ReadProcessMemory or WriteProcessMemory request was completed. (0x12B)
[0927/174440.965:WARNING:pe_image_reader.cc(340)] could not read dos header from C:\Windows\System32\msvcrt.dll
[0927/174440.965:ERROR:process_memory_win.cc(73)] ReadMemory at 0x7ff86df50000 of 64 bytes failed: Only part of a ReadProcessMemory or WriteProcessMemory request was completed. (0x12B)
[0927/174440.965:WARNING:pe_image_reader.cc(340)] could not read dos header from C:\Windows\System32\bcryptPrimitives.dll
[0927/174440.965:ERROR:process_memory_win.cc(73)] ReadMemory at 0x7ff86ead0000 of 64 bytes failed: Only part of a ReadProcessMemory or WriteProcessMemory request was completed. (0x12B)
[0927/174440.965:WARNING:pe_image_reader.cc(340)] could not read dos header from C:\Windows\System32\ADVAPI32.dll
[0927/174440.965:ERROR:process_memory_win.cc(73)] ReadMemory at 0x211e6220000 of 64 bytes failed: Only part of a ReadProcessMemory or WriteProcessMemory request was completed. (0x12B)
[0927/174440.965:WARNING:pe_image_reader.cc(340)] could not read dos header from C:\Windows\System32\sechost.dll
[0927/174440.965:ERROR:process_memory_win.cc(73)] ReadMemory at 0x7ff86e9a0000 of 64 bytes failed: Only part of a ReadProcessMemory or WriteProcessMemory request was completed. (0x12B)
[0927/174440.965:WARNING:pe_image_reader.cc(340)] could not read dos header from C:\Windows\System32\RPCRT4.dll
[0927/174440.965:ERROR:process_memory_win.cc(73)] ReadMemory at 0x7ff815ea0000 of 64 bytes failed: Only part of a ReadProcessMemory or WriteProcessMemory request was completed. (0x12B)
[0927/174440.965:WARNING:pe_image_reader.cc(340)] could not read dos header from C:\Program Files (x86)\Google\Chrome\Application\85.0.4183.121\chrome.dll
[0927/174440.965:ERROR:process_memory_win.cc(73)] ReadMemory at 0x7ff86e660000 of 64 bytes failed: Only part of a ReadProcessMemory or WriteProcessMemory request was completed. (0x12B)
[0927/174440.965:WARNING:pe_image_reader.cc(340)] could not read dos header from C:\Windows\System32\WS2_32.dll
[0927/174440.965:ERROR:process_memory_win.cc(73)] ReadMemory at 0x7ff86e830000 of 64 bytes failed: Only part of a ReadProcessMemory or WriteProcessMemory request was completed. (0x12B)
[0927/174440.965:WARNING:pe_image_reader.cc(340)] could not read dos header from C:\Windows\System32\OLEAUT32.dll
[0927/174440.965:ERROR:process_memory_win.cc(73)] ReadMemory at 0x7ff86ce80000 of 64 bytes failed: Only part of a ReadProcessMemory or WriteProcessMemory request was completed. (0x12B)
[0927/174440.965:WARNING:pe_image_reader.cc(340)] could not read dos header from C:\Windows\System32\msvcp_win.dll
[0927/174440.965:ERROR:process_memory_win.cc(73)] ReadMemory at 0x7ff86d6a0000 of 64 bytes failed: Only part of a ReadProcessMemory or WriteProcessMemory request was completed. (0x12B)
[0927/174440.965:WARNING:pe_image_reader.cc(340)] could not read dos header from C:\Windows\System32\ucrtbase.dll
[0927/174440.966:ERROR:process_memory_win.cc(73)] ReadMemory at 0x7ff86ebe0000 of 64 bytes failed: Only part of a ReadProcessMemory or WriteProcessMemory request was completed. (0x12B)
[0927/174440.966:WARNING:pe_image_reader.cc(340)] could not read dos header from C:\Windows\System32\combase.dll
[0927/174440.966:ERROR:process_memory_win.cc(73)] ReadMemory at 0x7ff86d540000 of 64 bytes failed: Only part of a ReadProcessMemory or WriteProcessMemory request was completed. (0x12B)
[0927/174440.966:WARNING:pe_image_reader.cc(340)] could not read dos header from C:\Windows\System32\WINTRUST.dll
[0927/174440.966:ERROR:process_memory_win.cc(73)] ReadMemory at 0x7ff86cd90000 of 64 bytes failed: Only part of a ReadProcessMemory or WriteProcessMemory request was completed. (0x12B)
[0927/174440.966:WARNING:pe_image_reader.cc(340)] could not read dos header from C:\Windows\System32\MSASN1.dll
[0927/174440.966:ERROR:process_memory_win.cc(73)] ReadMemory at 0x7ff86d0c0000 of 64 bytes failed: Only part of a ReadProcessMemory or WriteProcessMemory request was completed. (0x12B)
[0927/174440.966:WARNING:pe_image_reader.cc(340)] could not read dos header from C:\Windows\System32\CRYPT32.dll
[0927/174440.966:ERROR:process_memory_win.cc(73)] ReadMemory at 0x7ff86bed0000 of 64 bytes failed: Only part of a ReadProcessMemory or WriteProcessMemory request was completed. (0x12B)
[0927/174440.966:WARNING:pe_image_reader.cc(340)] could not read dos header from C:\Windows\SYSTEM32\IPHLPAPI.DLL
[0927/174440.966:ERROR:process_memory_win.cc(73)] ReadMemory at 0x7ff86a280000 of 64 bytes failed: Only part of a ReadProcessMemory or WriteProcessMemory request was completed. (0x12B)
[0927/174440.966:WARNING:pe_image_reader.cc(340)] could not read dos header from C:\Windows\SYSTEM32\WINMM.dll
[0927/174440.966:ERROR:process_memory_win.cc(73)] ReadMemory at 0x7ff851e10000 of 64 bytes failed: Only part of a ReadProcessMemory or WriteProcessMemory request was completed. (0x12B)
[0927/174440.966:WARNING:pe_image_reader.cc(340)] could not read dos header from C:\Windows\SYSTEM32\UIAutomationCore.DLL
[0927/174440.966:ERROR:process_memory_win.cc(73)] ReadMemory at 0x7ff857c40000 of 64 bytes failed: Only part of a ReadProcessMemory or WriteProcessMemory request was completed. (0x12B)
[0927/174440.966:WARNING:pe_image_reader.cc(340)] could not read dos header from C:\Windows\SYSTEM32\Secur32.dll
[0927/174440.966:ERROR:process_memory_win.cc(73)] ReadMemory at 0x7ff86cc80000 of 64 bytes failed: Only part of a ReadProcessMemory or WriteProcessMemory request was completed. (0x12B)
[0927/174440.966:WARNING:pe_image_reader.cc(340)] could not read dos header from C:\Windows\SYSTEM32\USERENV.dll
[0927/174440.966:ERROR:process_memory_win.cc(73)] ReadMemory at 0x7ff86cdd0000 of 64 bytes failed: Only part of a ReadProcessMemory or WriteProcessMemory request was completed. (0x12B)
[0927/174440.966:WARNING:pe_image_reader.cc(340)] could not read dos header from C:\Windows\System32\profapi.dll
[0927/174440.966:ERROR:process_memory_win.cc(73)] ReadMemory at 0x7ff863740000 of 64 bytes failed: Only part of a ReadProcessMemory or WriteProcessMemory request was completed. (0x12B)
[0927/174440.966:WARNING:pe_image_reader.cc(340)] could not read dos header from C:\Windows\SYSTEM32\DWrite.dll
[0927/174440.966:ERROR:process_memory_win.cc(73)] ReadMemory at 0x7ff85ca90000 of 64 bytes failed: Only part of a ReadProcessMemory or WriteProcessMemory request was completed. (0x12B)
[0927/174440.966:WARNING:pe_image_reader.cc(340)] could not read dos header from C:\Windows\SYSTEM32\WINSPOOL.DRV
[0927/174440.966:ERROR:process_memory_win.cc(73)] ReadMemory at 0x7ff86cdb0000 of 64 bytes failed: Only part of a ReadProcessMemory or WriteProcessMemory request was completed. (0x12B)
[0927/174440.966:WARNING:pe_image_reader.cc(340)] could not read dos header from C:\Windows\System32\kernel.appcore.dll
[0927/174440.966:ERROR:process_memory_win.cc(73)] ReadMemory at 0x7ff86d670000 of 64 bytes failed: Only part of a ReadProcessMemory or WriteProcessMemory request was completed. (0x12B)
[0927/174440.966:WARNING:pe_image_reader.cc(340)] could not read dos header from C:\Windows\System32\bcrypt.dll
[0927/174440.966:ERROR:process_memory_win.cc(73)] ReadMemory at 0x7ff86c860000 of 64 bytes failed: Only part of a ReadProcessMemory or WriteProcessMemory request was completed. (0x12B)
[0927/174440.966:WARNING:pe_image_reader.cc(340)] could not read dos header from C:\Windows\SYSTEM32\dbghelp.dll
[0927/174440.966:ERROR:process_memory_win.cc(73)] ReadMemory at 0x7ff85cb30000 of 64 bytes failed: Only part of a ReadProcessMemory or WriteProcessMemory request was completed. (0x12B)
[0927/174440.966:WARNING:pe_image_reader.cc(340)] could not read dos header from C:\Windows\SYSTEM32\WINHTTP.dll
[0927/174440.966:ERROR:process_memory_win.cc(73)] ReadMemory at 0x7ff866650000 of 64 bytes failed: Only part of a ReadProcessMemory or WriteProcessMemory request was completed. (0x12B)
[0927/174440.966:WARNING:pe_image_reader.cc(340)] could not read dos header from C:\Windows\SYSTEM32\dhcpcsvc.DLL
[0927/174440.966:ERROR:process_memory_win.cc(73)] ReadMemory at 0x7ff86e900000 of 64 bytes failed: Only part of a ReadProcessMemory or WriteProcessMemory request was completed. (0x12B)
[0927/174440.966:WARNING:pe_image_reader.cc(340)] could not read dos header from C:\Windows\System32\NSI.dll
[0927/174440.966:ERROR:process_memory_win.cc(73)] ReadMemory at 0x7ff869ef0000 of 64 bytes failed: Only part of a ReadProcessMemory or WriteProcessMemory request was completed. (0x12B)
[0927/174440.966:WARNING:pe_image_reader.cc(340)] could not read dos header from C:\Windows\SYSTEM32\WINMMBASE.dll
[0927/174440.966:ERROR:process_memory_win.cc(73)] ReadMemory at 0x7ff86d7a0000 of 64 bytes failed: Only part of a ReadProcessMemory or WriteProcessMemory request was completed. (0x12B)
[0927/174440.966:WARNING:pe_image_reader.cc(340)] could not read dos header from C:\Windows\System32\cfgmgr32.dll
[0927/174440.966:ERROR:process_memory_win.cc(73)] ReadMemory at 0x7ff8678d0000 of 64 bytes failed: Only part of a ReadProcessMemory or WriteProcessMemory request was completed. (0x12B)
[0927/174440.966:WARNING:pe_image_reader.cc(340)] could not read dos header from C:\Windows\SYSTEM32\Bcp47Langs.dll
[0927/174440.966:ERROR:process_memory_win.cc(73)] ReadMemory at 0x7ff868e60000 of 64 bytes failed: Only part of a ReadProcessMemory or WriteProcessMemory request was completed. (0x12B)
[0927/174440.966:WARNING:pe_image_reader.cc(340)] could not read dos header from C:\Windows\SYSTEM32\PROPSYS.dll
[0927/174440.967:ERROR:process_memory_win.cc(73)] ReadMemory at 0x7ff870c00000 of 64 bytes failed: Only part of a ReadProcessMemory or WriteProcessMemory request was completed. (0x12B)
[0927/174440.967:WARNING:pe_image_reader.cc(340)] could not read dos header from C:\Windows\System32\shcore.dll
[0927/174440.967:ERROR:process_memory_win.cc(73)] ReadMemory at 0x7ff86ccb0000 of 64 bytes failed: Only part of a ReadProcessMemory or WriteProcessMemory request was completed. (0x12B)
[0927/174440.967:WARNING:pe_image_reader.cc(340)] could not read dos header from C:\Windows\SYSTEM32\SSPICLI.DLL
[0927/174440.967:ERROR:process_memory_win.cc(73)] ReadMemory at 0x7ff86c380000 of 64 bytes failed: Only part of a ReadProcessMemory or WriteProcessMemory request was completed. (0x12B)
[0927/174440.967:WARNING:pe_image_reader.cc(340)] could not read dos header from C:\Windows\SYSTEM32\CRYPTBASE.DLL
[0927/174441.057:ERROR:process_memory_win.cc(73)] ReadMemory at 0xe15a3e8000 of 98304 bytes failed: Only part of a ReadProcessMemory or WriteProcessMemory request was completed. (0x12B)
[0927/174441.057:ERROR:process_memory_win.cc(73)] ReadMemory at 0xe15abfd000 of 12288 bytes failed: Only part of a ReadProcessMemory or WriteProcessMemory request was completed. (0x12B)
[0927/174441.057:ERROR:process_memory_win.cc(73)] ReadMemory at 0xe15bbfc000 of 16384 bytes failed: Only part of a ReadProcessMemory or WriteProcessMemory request was completed. (0x12B)
[0927/174441.057:ERROR:process_memory_win.cc(73)] ReadMemory at 0xe15c3fc000 of 16384 bytes failed: Only part of a ReadProcessMemory or WriteProcessMemory request was completed. (0x12B)
[0927/174441.057:ERROR:process_memory_win.cc(73)] ReadMemory at 0xe15cbfe000 of 8192 bytes failed: Only part of a ReadProcessMemory or WriteProcessMemory request was completed. (0x12B)
[0927/174441.057:ERROR:process_memory_win.cc(73)] ReadMemory at 0xe15d3fd000 of 12288 bytes failed: Only part of a ReadProcessMemory or WriteProcessMemory request was completed. (0x12B)
[0927/174441.057:ERROR:process_memory_win.cc(73)] ReadMemory at 0xe15dbfc000 of 16384 bytes failed: Only part of a ReadProcessMemory or WriteProcessMemory request was completed. (0x12B)
[0927/174441.057:ERROR:process_memory_win.cc(73)] ReadMemory at 0xe15ebfd000 of 12288 bytes failed: Only part of a ReadProcessMemory or WriteProcessMemory request was completed. (0x12B)
[0927/174441.057:ERROR:process_memory_win.cc(73)] ReadMemory at 0xe15f3fb000 of 20480 bytes failed: Only part of a ReadProcessMemory or WriteProcessMemory request was completed. (0x12B)
[0927/174441.057:ERROR:process_memory_win.cc(73)] ReadMemory at 0xe15fbfb000 of 20480 bytes failed: Only part of a ReadProcessMemory or WriteProcessMemory request was completed. (0x12B)
[0927/174441.057:ERROR:process_memory_win.cc(73)] ReadMemory at 0xe1603fd000 of 12288 bytes failed: Only part of a ReadProcessMemory or WriteProcessMemory request was completed. (0x12B)
[0927/174441.057:ERROR:process_memory_win.cc(73)] ReadMemory at 0xe15e3fd000 of 12288 bytes failed: Only part of a ReadProcessMemory or WriteProcessMemory request was completed. (0x12B)
[0927/174441.057:ERROR:process_memory_win.cc(73)] ReadMemory at 0xe1613fa000 of 24576 bytes failed: Only part of a ReadProcessMemory or WriteProcessMemory request was completed. (0x12B)
[0927/174441.057:ERROR:process_memory_win.cc(73)] ReadMemory at 0xe15b3ff000 of 4096 bytes failed: Only part of a ReadProcessMemory or WriteProcessMemory request was completed. (0x12B)
[0927/174441.057:ERROR:process_memory_win.cc(73)] ReadMemory at 0xe159ace000 of 6024 bytes failed: Only part of a ReadProcessMemory or WriteProcessMemory request was completed. (0x12B)
[0927/174441.057:ERROR:process_memory_win.cc(73)] ReadMemory at 0xe159ad0000 of 6024 bytes failed: Only part of a ReadProcessMemory or WriteProcessMemory request was completed. (0x12B)
[0927/174441.057:ERROR:process_memory_win.cc(73)] ReadMemory at 0xe159ae1000 of 852 bytes failed: Only part of a ReadProcessMemory or WriteProcessMemory request was completed. (0x12B)
[0927/174441.057:ERROR:process_memory_win.cc(73)] ReadMemory at 0xe159ae2000 of 6024 bytes failed: Only part of a ReadProcessMemory or WriteProcessMemory request was completed. (0x12B)
[0927/174441.057:ERROR:process_memory_win.cc(73)] ReadMemory at 0xe159ae4000 of 6024 bytes failed: Only part of a ReadProcessMemory or WriteProcessMemory request was completed. (0x12B)
[0927/174441.062:ERROR:process_memory_win.cc(73)] ReadMemory at 0xe159ae8000 of 6024 bytes failed: Only part of a ReadProcessMemory or WriteProcessMemory request was completed. (0x12B)
[0927/174441.062:ERROR:process_memory_win.cc(73)] ReadMemory at 0xe159aea000 of 6024 bytes failed: Only part of a ReadProcessMemory or WriteProcessMemory request was completed. (0x12B)
[0927/174441.062:ERROR:process_memory_win.cc(73)] ReadMemory at 0xe159aec000 of 6024 bytes failed: Only part of a ReadProcessMemory or WriteProcessMemory request was completed. (0x12B)
[0927/174441.062:ERROR:process_memory_win.cc(73)] ReadMemory at 0xe159aee000 of 6024 bytes failed: Only part of a ReadProcessMemory or WriteProcessMemory request was completed. (0x12B)
[0927/174441.062:ERROR:process_memory_win.cc(73)] ReadMemory at 0xe159af0000 of 6024 bytes failed: Only part of a ReadProcessMemory or WriteProcessMemory request was completed. (0x12B)
[0927/174441.062:ERROR:process_memory_win.cc(73)] ReadMemory at 0xe159af4000 of 6024 bytes failed: Only part of a ReadProcessMemory or WriteProcessMemory request was completed. (0x12B)
[0927/174441.062:ERROR:process_memory_win.cc(73)] ReadMemory at 0xe159af6000 of 6024 bytes failed: Only part of a ReadProcessMemory or WriteProcessMemory request was completed. (0x12B)
[0927/174441.062:ERROR:process_memory_win.cc(73)] ReadMemory at 0xe159af8000 of 6024 bytes failed: Only part of a ReadProcessMemory or WriteProcessMemory request was completed. (0x12B)
[0927/174441.062:ERROR:process_memory_win.cc(73)] ReadMemory at 0xe159afa000 of 6024 bytes failed: Only part of a ReadProcessMemory or WriteProcessMemory request was completed. (0x12B)
[0927/174441.062:ERROR:process_memory_win.cc(73)] ReadMemory at 0xe159b00000 of 6024 bytes failed: Only part of a ReadProcessMemory or WriteProcessMemory request was completed. (0x12B)
[0927/174441.062:ERROR:process_memory_win.cc(73)] ReadMemory at 0x21198dff210 of 512 bytes failed: Only part of a ReadProcessMemory or WriteProcessMemory request was completed. (0x12B)
[0927/174441.062:ERROR:process_memory_win.cc(73)] ReadMemory at 0x2119b3b6e30 of 512 bytes failed: Only part of a ReadProcessMemory or WriteProcessMemory request was completed. (0x12B)
[0927/174441.062:ERROR:process_memory_win.cc(73)] ReadMemory at 0x2119cb7dd10 of 528 bytes failed: Only part of a ReadProcessMemory or WriteProcessMemory request was completed. (0x12B)
[0927/174441.062:ERROR:process_memory_win.cc(73)] ReadMemory at 0x211e5fc0c40 of 512 bytes failed: Only part of a ReadProcessMemory or WriteProcessMemory request was completed. (0x12B)
[0927/174441.062:ERROR:process_memory_win.cc(73)] ReadMemory at 0x211e5fc1150 of 512 bytes failed: Only part of a ReadProcessMemory or WriteProcessMemory request was completed. (0x12B)
[0927/174441.062:ERROR:process_memory_win.cc(73)] ReadMemory at 0x211e5fc2980 of 512 bytes failed: Only part of a ReadProcessMemory or WriteProcessMemory request was completed. (0x12B)
[0927/174441.062:ERROR:process_memory_win.cc(73)] ReadMemory at 0x211e604ff80 of 512 bytes failed: Only part of a ReadProcessMemory or WriteProcessMemory request was completed. (0x12B)
[0927/174441.062:ERROR:process_memory_win.cc(73)] ReadMemory at 0x211e6050fe0 of 17100 bytes failed: Only part of a ReadProcessMemory or WriteProcessMemory request was completed. (0x12B)
[0927/174441.062:ERROR:process_memory_win.cc(73)] ReadMemory at 0x211e60552c0 of 1012 bytes failed: Only part of a ReadProcessMemory or WriteProcessMemory request was completed. (0x12B)
[0927/174441.238:ERROR:process_memory_win.cc(73)] ReadMemory at 0x211e60558e8 of 118 bytes failed: Only part of a ReadProcessMemory or WriteProcessMemory request was completed. (0x12B)
[0927/174441.238:ERROR:process_memory_win.cc(73)] ReadMemory at 0x211e6055960 of 754 bytes failed: Only part of a ReadProcessMemory or WriteProcessMemory request was completed. (0x12B)
[0927/174441.238:ERROR:process_memory_win.cc(73)] ReadMemory at 0x211e6055c54 of 118 bytes failed: Only part of a ReadProcessMemory or WriteProcessMemory request was completed. (0x12B)
[0927/174441.238:ERROR:process_memory_win.cc(73)] ReadMemory at 0x211e6055ccc of 100 bytes failed: Only part of a ReadProcessMemory or WriteProcessMemory request was completed. (0x12B)
[0927/174441.238:ERROR:process_memory_win.cc(73)] ReadMemory at 0x211e6055d40 of 58 bytes failed: Only part of a ReadProcessMemory or WriteProcessMemory request was completed. (0x12B)
[0927/174441.238:ERROR:process_memory_win.cc(73)] ReadMemory at 0x211e6055e40 of 132 bytes failed: Only part of a ReadProcessMemory or WriteProcessMemory request was completed. (0x12B)
[0927/174441.238:ERROR:process_memory_win.cc(73)] ReadMemory at 0x211e6055fd0 of 132 bytes failed: Only part of a ReadProcessMemory or WriteProcessMemory request was completed. (0x12B)
[0927/174441.238:ERROR:process_memory_win.cc(73)] ReadMemory at 0x211e6056190 of 126 bytes failed: Only part of a ReadProcessMemory or WriteProcessMemory request was completed. (0x12B)
[0927/174441.238:ERROR:process_memory_win.cc(73)] ReadMemory at 0x211e6056570 of 132 bytes failed: Only part of a ReadProcessMemory or WriteProcessMemory request was completed. (0x12B)
[0927/174441.238:ERROR:process_memory_win.cc(73)] ReadMemory at 0x211e6056700 of 64 bytes failed: Only part of a ReadProcessMemory or WriteProcessMemory request was completed. (0x12B)
[0927/174441.238:ERROR:process_memory_win.cc(73)] ReadMemory at 0x211e60568c0 of 132 bytes failed: Only part of a ReadProcessMemory or WriteProcessMemory request was completed. (0x12B)
[0927/174441.238:ERROR:process_memory_win.cc(73)] ReadMemory at 0x211e6056b60 of 132 bytes failed: Only part of a ReadProcessMemory or WriteProcessMemory request was completed. (0x12B)
[0927/174441.238:ERROR:process_memory_win.cc(73)] ReadMemory at 0x211e6056cf0 of 68 bytes failed: Only part of a ReadProcessMemory or WriteProcessMemory request was completed. (0x12B)
[0927/174441.238:ERROR:process_memory_win.cc(73)] ReadMemory at 0x211e6057cb0 of 132 bytes failed: Only part of a ReadProcessMemory or WriteProcessMemory request was completed. (0x12B)
[0927/174441.238:ERROR:process_memory_win.cc(73)] ReadMemory at 0x211e6057e40 of 154 bytes failed: Only part of a ReadProcessMemory or WriteProcessMemory request was completed. (0x12B)
[0927/174441.238:ERROR:process_memory_win.cc(73)] ReadMemory at 0x211e6058c50 of 62 bytes failed: Only part of a ReadProcessMemory or WriteProcessMemory request was completed. (0x12B)
[0927/174441.238:ERROR:process_memory_win.cc(73)] ReadMemory at 0x211e6058db0 of 132 bytes failed: Only part of a ReadProcessMemory or WriteProcessMemory request was completed. (0x12B)
[0927/174441.238:ERROR:process_memory_win.cc(73)] ReadMemory at 0x211e6058f40 of 60 bytes failed: Only part of a ReadProcessMemory or WriteProcessMemory request was completed. (0x12B)
[0927/174441.238:ERROR:process_memory_win.cc(73)] ReadMemory at 0x211e606a3a0 of 54 bytes failed: Only part of a ReadProcessMemory or WriteProcessMemory request was completed. (0x12B)
[0927/174441.238:ERROR:process_memory_win.cc(73)] ReadMemory at 0x211e606a790 of 80 bytes failed: Only part of a ReadProcessMemory or WriteProcessMemory request was completed. (0x12B)
[0927/174441.238:ERROR:process_memory_win.cc(73)] ReadMemory at 0x211e606d5c0 of 132 bytes failed: Only part of a ReadProcessMemory or WriteProcessMemory request was completed. (0x12B)
[0927/174441.238:ERROR:process_memory_win.cc(73)] ReadMemory at 0x211e606de40 of 132 bytes failed: Only part of a ReadProcessMemory or WriteProcessMemory request was completed. (0x12B)
[0927/174441.238:ERROR:process_memory_win.cc(73)] ReadMemory at 0x211e606e340 of 132 bytes failed: Only part of a ReadProcessMemory or WriteProcessMemory request was completed. (0x12B)
[0927/174441.238:ERROR:process_memory_win.cc(73)] ReadMemory at 0x211e6071530 of 60 bytes failed: Only part of a ReadProcessMemory or WriteProcessMemory request was completed. (0x12B)
[0927/174441.238:ERROR:process_memory_win.cc(73)] ReadMemory at 0x211e6071620 of 64 bytes failed: Only part of a ReadProcessMemory or WriteProcessMemory request was completed. (0x12B)
[0927/174441.238:ERROR:process_memory_win.cc(73)] ReadMemory at 0x211e60716c0 of 66 bytes failed: Only part of a ReadProcessMemory or WriteProcessMemory request was completed. (0x12B)
[0927/174441.238:ERROR:process_memory_win.cc(73)] ReadMemory at 0x211e6071710 of 60 bytes failed: Only part of a ReadProcessMemory or WriteProcessMemory request was completed. (0x12B)
[0927/174441.238:ERROR:process_memory_win.cc(73)] ReadMemory at 0x211e6071760 of 62 bytes failed: Only part of a ReadProcessMemory or WriteProcessMemory request was completed. (0x12B)
[0927/174441.238:ERROR:process_memory_win.cc(73)] ReadMemory at 0x211e6071850 of 64 bytes failed: Only part of a ReadProcessMemory or WriteProcessMemory request was completed. (0x12B)
[0927/174441.238:ERROR:process_memory_win.cc(73)] ReadMemory at 0x211e6071940 of 58 bytes failed: Only part of a ReadProcessMemory or WriteProcessMemory request was completed. (0x12B)
[0927/174441.238:ERROR:process_memory_win.cc(73)] ReadMemory at 0x211e6071990 of 64 bytes failed: Only part of a ReadProcessMemory or WriteProcessMemory request was completed. (0x12B)
[0927/174441.238:ERROR:process_memory_win.cc(73)] ReadMemory at 0x211e6071c10 of 60 bytes failed: Only part of a ReadProcessMemory or WriteProcessMemory request was completed. (0x12B)
[0927/174441.238:ERROR:process_memory_win.cc(73)] ReadMemory at 0x211e6071fd0 of 64 bytes failed: Only part of a ReadProcessMemory or WriteProcessMemory request was completed. (0x12B)
[0927/174441.238:ERROR:process_memory_win.cc(73)] ReadMemory at 0x211e6072070 of 62 bytes failed: Only part of a ReadProcessMemory or WriteProcessMemory request was completed. (0x12B)
[0927/174441.238:ERROR:process_memory_win.cc(73)] ReadMemory at 0x211e60722a0 of 62 bytes failed: Only part of a ReadProcessMemory or WriteProcessMemory request was completed. (0x12B)
[0927/174441.238:ERROR:process_memory_win.cc(73)] ReadMemory at 0x211e60722f0 of 64 bytes failed: Only part of a ReadProcessMemory or WriteProcessMemory request was completed. (0x12B)
[0927/174441.238:ERROR:process_memory_win.cc(73)] ReadMemory at 0x211e60749b0 of 132 bytes failed: Only part of a ReadProcessMemory or WriteProcessMemory request was completed. (0x12B)
[0927/174441.238:ERROR:process_memory_win.cc(73)] ReadMemory at 0x211e6076550 of 132 bytes failed: Only part of a ReadProcessMemory or WriteProcessMemory request was completed. (0x12B)
[0927/174441.238:ERROR:process_memory_win.cc(73)] ReadMemory at 0x211e6076680 of 132 bytes failed: Only part of a ReadProcessMemory or WriteProcessMemory request was completed. (0x12B)
[0927/174441.238:ERROR:process_memory_win.cc(73)] ReadMemory at 0x211e6077a40 of 132 bytes failed: Only part of a ReadProcessMemory or WriteProcessMemory request was completed. (0x12B)
[0927/174441.238:ERROR:process_memory_win.cc(73)] ReadMemory at 0x211e6077b70 of 132 bytes failed: Only part of a ReadProcessMemory or WriteProcessMemory request was completed. (0x12B)
[0927/174441.238:ERROR:process_memory_win.cc(73)] ReadMemory at 0x211e6077ca0 of 132 bytes failed: Only part of a ReadProcessMemory or WriteProcessMemory request was completed. (0x12B)
[0927/174441.238:ERROR:process_memory_win.cc(73)] ReadMemory at 0x211e6077dd0 of 132 bytes failed: Only part of a ReadProcessMemory or WriteProcessMemory request was completed. (0x12B)
[0927/174441.238:ERROR:process_memory_win.cc(73)] ReadMemory at 0x211e6077f00 of 132 bytes failed: Only part of a ReadProcessMemory or WriteProcessMemory request was completed. (0x12B)
[0927/174441.238:ERROR:process_memory_win.cc(73)] ReadMemory at 0x211e6078030 of 132 bytes failed: Only part of a ReadProcessMemory or WriteProcessMemory request was completed. (0x12B)
[0927/174441.238:ERROR:process_memory_win.cc(73)] ReadMemory at 0x211e6078160 of 132 bytes failed: Only part of a ReadProcessMemory or WriteProcessMemory request was completed. (0x12B)
[0927/174441.238:ERROR:process_memory_win.cc(73)] ReadMemory at 0x211e6078290 of 132 bytes failed: Only part of a ReadProcessMemory or WriteProcessMemory request was completed. (0x12B)
[0927/174441.238:ERROR:process_memory_win.cc(73)] ReadMemory at 0x211e60783c0 of 132 bytes failed: Only part of a ReadProcessMemory or WriteProcessMemory request was completed. (0x12B)
[0927/174441.238:ERROR:process_memory_win.cc(73)] ReadMemory at 0x211e6078620 of 132 bytes failed: Only part of a ReadProcessMemory or WriteProcessMemory request was completed. (0x12B)
[0927/174441.238:ERROR:process_memory_win.cc(73)] ReadMemory at 0x211e6078750 of 132 bytes failed: Only part of a ReadProcessMemory or WriteProcessMemory request was completed. (0x12B)
[0927/174441.238:ERROR:process_memory_win.cc(73)] ReadMemory at 0x211e6078880 of 132 bytes failed: Only part of a ReadProcessMemory or WriteProcessMemory request was completed. (0x12B)
[0927/174441.238:ERROR:process_memory_win.cc(73)] ReadMemory at 0x211e60795f0 of 80 bytes failed: Only part of a ReadProcessMemory or WriteProcessMemory request was completed. (0x12B)
[0927/174441.238:ERROR:process_memory_win.cc(73)] ReadMemory at 0x211e6079950 of 76 bytes failed: Only part of a ReadProcessMemory or WriteProcessMemory request was completed. (0x12B)
[0927/174441.238:ERROR:process_memory_win.cc(73)] ReadMemory at 0x211e607a7e0 of 132 bytes failed: Only part of a ReadProcessMemory or WriteProcessMemory request was completed. (0x12B)
[0927/174441.238:ERROR:process_memory_win.cc(73)] ReadMemory at 0x211e607a910 of 132 bytes failed: Only part of a ReadProcessMemory or WriteProcessMemory request was completed. (0x12B)
[0927/174441.238:ERROR:process_memory_win.cc(73)] ReadMemory at 0x211e607aa40 of 146 bytes failed: Only part of a ReadProcessMemory or WriteProcessMemory request was completed. (0x12B)
[0927/174441.238:ERROR:process_memory_win.cc(73)] ReadMemory at 0x211e607cba0 of 132 bytes failed: Only part of a ReadProcessMemory or WriteProcessMemory request was completed. (0x12B)
[0927/174441.238:ERROR:process_memory_win.cc(73)] ReadMemory at 0x211e607cdc0 of 132 bytes failed: Only part of a ReadProcessMemory or WriteProcessMemory request was completed. (0x12B)
[0927/174441.238:ERROR:process_memory_win.cc(73)] ReadMemory at 0x211e607d3b0 of 132 bytes failed: Only part of a ReadProcessMemory or WriteProcessMemory request was completed. (0x12B)
[0927/174441.243:ERROR:process_memory_win.cc(73)] ReadMemory at 0x211e607d610 of 132 bytes failed: Only part of a ReadProcessMemory or WriteProcessMemory request was completed. (0x12B)
[0927/174441.243:ERROR:process_memory_win.cc(73)] ReadMemory at 0x211e607d740 of 132 bytes failed: Only part of a ReadProcessMemory or WriteProcessMemory request was completed. (0x12B)
[0927/174441.243:ERROR:process_memory_win.cc(73)] ReadMemory at 0x211e607d870 of 132 bytes failed: Only part of a ReadProcessMemory or WriteProcessMemory request was completed. (0x12B)
[0927/174441.243:ERROR:process_memory_win.cc(73)] ReadMemory at 0x211e607d9a0 of 132 bytes failed: Only part of a ReadProcessMemory or WriteProcessMemory request was completed. (0x12B)
[0927/174441.243:ERROR:process_memory_win.cc(73)] ReadMemory at 0x211e607dc00 of 132 bytes failed: Only part of a ReadProcessMemory or WriteProcessMemory request was completed. (0x12B)
[0927/174441.260:ERROR:process_memory_win.cc(73)] ReadMemory at 0x211e607dd30 of 132 bytes failed: Only part of a ReadProcessMemory or WriteProcessMemory request was completed. (0x12B)
[0927/174441.261:ERROR:process_memory_win.cc(73)] ReadMemory at 0x211e607e320 of 132 bytes failed: Only part of a ReadProcessMemory or WriteProcessMemory request was completed. (0x12B)
[0927/174441.261:ERROR:process_memory_win.cc(73)] ReadMemory at 0x211e607e580 of 132 bytes failed: Only part of a ReadProcessMemory or WriteProcessMemory request was completed. (0x12B)
[0927/174441.261:ERROR:process_memory_win.cc(73)] ReadMemory at 0x211e607eca0 of 132 bytes failed: Only part of a ReadProcessMemory or WriteProcessMemory request was completed. (0x12B)
[0927/174441.261:ERROR:process_memory_win.cc(73)] ReadMemory at 0x211e607edd0 of 132 bytes failed: Only part of a ReadProcessMemory or WriteProcessMemory request was completed. (0x12B)
[0927/174441.261:ERROR:process_memory_win.cc(73)] ReadMemory at 0x211e607fd90 of 62 bytes failed: Only part of a ReadProcessMemory or WriteProcessMemory request was completed. (0x12B)
[0927/174441.261:ERROR:process_memory_win.cc(73)] ReadMemory at 0x211e607fe80 of 60 bytes failed: Only part of a ReadProcessMemory or WriteProcessMemory request was completed. (0x12B)
[0927/174441.261:ERROR:process_memory_win.cc(73)] ReadMemory at 0x211e60800b0 of 64 bytes failed: Only part of a ReadProcessMemory or WriteProcessMemory request was completed. (0x12B)
[0927/174441.261:ERROR:process_memory_win.cc(73)] ReadMemory at 0x211e60801f0 of 62 bytes failed: Only part of a ReadProcessMemory or WriteProcessMemory request was completed. (0x12B)
[0927/174441.262:ERROR:process_memory_win.cc(73)] ReadMemory at 0x211e6080240 of 62 bytes failed: Only part of a ReadProcessMemory or WriteProcessMemory request was completed. (0x12B)
[0927/174441.262:ERROR:process_memory_win.cc(73)] ReadMemory at 0x211e60802e0 of 62 bytes failed: Only part of a ReadProcessMemory or WriteProcessMemory request was completed. (0x12B)
[0927/174441.262:ERROR:process_memory_win.cc(73)] ReadMemory at 0x211e60803d0 of 62 bytes failed: Only part of a ReadProcessMemory or WriteProcessMemory request was completed. (0x12B)
[0927/174441.262:ERROR:process_memory_win.cc(73)] ReadMemory at 0x211e6080600 of 60 bytes failed: Only part of a ReadProcessMemory or WriteProcessMemory request was completed. (0x12B)
[0927/174441.262:ERROR:process_memory_win.cc(73)] ReadMemory at 0x211e60807e0 of 60 bytes failed: Only part of a ReadProcessMemory or WriteProcessMemory request was completed. (0x12B)
[0927/174441.262:ERROR:process_memory_win.cc(73)] ReadMemory at 0x211e6080920 of 62 bytes failed: Only part of a ReadProcessMemory or WriteProcessMemory request was completed. (0x12B)
[0927/174441.262:ERROR:process_memory_win.cc(73)] ReadMemory at 0x211e6080a60 of 66 bytes failed: Only part of a ReadProcessMemory or WriteProcessMemory request was completed. (0x12B)
[0927/174441.262:ERROR:process_memory_win.cc(73)] ReadMemory at 0x211e6080b00 of 62 bytes failed: Only part of a ReadProcessMemory or WriteProcessMemory request was completed. (0x12B)
[0927/174441.262:ERROR:process_memory_win.cc(73)] ReadMemory at 0x211e6080b50 of 68 bytes failed: Only part of a ReadProcessMemory or WriteProcessMemory request was completed. (0x12B)
[0927/174441.262:ERROR:process_memory_win.cc(73)] ReadMemory at 0x211e6080ba0 of 64 bytes failed: Only part of a ReadProcessMemory or WriteProcessMemory request was completed. (0x12B)
[0927/174441.262:ERROR:process_memory_win.cc(73)] ReadMemory at 0x211e6080bf0 of 64 bytes failed: Only part of a ReadProcessMemory or WriteProcessMemory request was completed. (0x12B)
[0927/174441.262:ERROR:process_memory_win.cc(73)] ReadMemory at 0x211e60cc330 of 512 bytes failed: Only part of a ReadProcessMemory or WriteProcessMemory request was completed. (0x12B)
[0927/174441.262:ERROR:process_memory_win.cc(73)] ReadMemory at 0x211e60e8b70 of 512 bytes failed: Only part of a ReadProcessMemory or WriteProcessMemory request was completed. (0x12B)
[0927/174441.262:ERROR:process_memory_win.cc(73)] ReadMemory at 0x211e60ed9f0 of 512 bytes failed: Only part of a ReadProcessMemory or WriteProcessMemory request was completed. (0x12B)
[0927/174441.262:ERROR:process_memory_win.cc(73)] ReadMemory at 0x211e610d7e0 of 512 bytes failed: Only part of a ReadProcessMemory or WriteProcessMemory request was completed. (0x12B)
[0927/174441.262:ERROR:process_memory_win.cc(73)] ReadMemory at 0x211e610da70 of 512 bytes failed: Only part of a ReadProcessMemory or WriteProcessMemory request was completed. (0x12B)
[0927/174441.262:ERROR:process_memory_win.cc(73)] ReadMemory at 0x211e610f820 of 512 bytes failed: Only part of a ReadProcessMemory or WriteProcessMemory request was completed. (0x12B)
[0927/174441.262:ERROR:process_memory_win.cc(73)] ReadMemory at 0x211e6114a90 of 512 bytes failed: Only part of a ReadProcessMemory or WriteProcessMemory request was completed. (0x12B)
[0927/174441.262:ERROR:process_memory_win.cc(73)] ReadMemory at 0x211e6117760 of 712 bytes failed: Only part of a ReadProcessMemory or WriteProcessMemory request was completed. (0x12B)
[0927/174441.262:ERROR:process_memory_win.cc(73)] ReadMemory at 0x211e6122d00 of 512 bytes failed: Only part of a ReadProcessMemory or WriteProcessMemory request was completed. (0x12B)
[0927/174441.262:ERROR:process_memory_win.cc(73)] ReadMemory at 0x211e6127be0 of 512 bytes failed: Only part of a ReadProcessMemory or WriteProcessMemory request was completed. (0x12B)
[0927/174441.262:ERROR:process_memory_win.cc(73)] ReadMemory at 0x211e7a70062 of 594 bytes failed: Only part of a ReadProcessMemory or WriteProcessMemory request was completed. (0x12B)
[0927/174441.262:ERROR:process_memory_win.cc(73)] ReadMemory at 0x211e7a70364 of 512 bytes failed: Only part of a ReadProcessMemory or WriteProcessMemory request was completed. (0x12B)
[0927/174441.262:ERROR:process_memory_win.cc(73)] ReadMemory at 0x211e7a71930 of 512 bytes failed: Only part of a ReadProcessMemory or WriteProcessMemory request was completed. (0x12B)
[0927/174441.262:ERROR:process_memory_win.cc(73)] ReadMemory at 0x211e7a8d3b0 of 512 bytes failed: Only part of a ReadProcessMemory or WriteProcessMemory request was completed. (0x12B)
[0927/174441.265:ERROR:process_memory_win.cc(73)] ReadMemory at 0x211e8966530 of 512 bytes failed: Only part of a ReadProcessMemory or WriteProcessMemory request was completed. (0x12B)
[0927/174441.265:ERROR:process_memory_win.cc(73)] ReadMemory at 0x211ebe5d0a0 of 512 bytes failed: Only part of a ReadProcessMemory or WriteProcessMemory request was completed. (0x12B)
[0927/174441.265:ERROR:process_memory_win.cc(73)] ReadMemory at 0x211f0377f90 of 512 bytes failed: Only part of a ReadProcessMemory or WriteProcessMemory request was completed. (0x12B)
[0927/174441.265:ERROR:process_memory_win.cc(73)] ReadMemory at 0x211f667d080 of 512 bytes failed: Only part of a ReadProcessMemory or WriteProcessMemory request was completed. (0x12B)
[0927/174441.265:ERROR:process_memory_win.cc(73)] ReadMemory at 0x211f7e319b0 of 512 bytes failed: Only part of a ReadProcessMemory or WriteProcessMemory request was completed. (0x12B)
[0927/174441.265:ERROR:process_memory_win.cc(73)] ReadMemory at 0x211f9a8bae0 of 512 bytes failed: Only part of a ReadProcessMemory or WriteProcessMemory request was completed. (0x12B)
[0927/174441.265:ERROR:process_memory_win.cc(73)] ReadMemory at 0x7ff837a75160 of 512 bytes failed: Only part of a ReadProcessMemory or WriteProcessMemory request was completed. (0x12B)
[0927/174441.265:ERROR:process_memory_win.cc(73)] ReadMemory at 0x7ff837a75867 of 512 bytes failed: Only part of a ReadProcessMemory or WriteProcessMemory request was completed. (0x12B)
[0927/174441.265:ERROR:process_memory_win.cc(73)] ReadMemory at 0x7ff86e6f21f0 of 512 bytes failed: Only part of a ReadProcessMemory or WriteProcessMemory request was completed. (0x12B)
[0927/174441.265:ERROR:process_memory_win.cc(73)] ReadMemory at 0x7ff870dc2483 of 512 bytes failed: Only part of a ReadProcessMemory or WriteProcessMemory request was completed. (0x12B)
[0927/174441.265:ERROR:process_memory_win.cc(73)] ReadMemory at 0x7ff870dfff10 of 512 bytes failed: Only part of a ReadProcessMemory or WriteProcessMemory request was completed. (0x12B)
[0927/174441.283:ERROR:process_memory_win.cc(73)] ReadMemory at 0x7ff870e4f764 of 672 bytes failed: Only part of a ReadProcessMemory or WriteProcessMemory request was completed. (0x12B)
[0927/174441.283:ERROR:process_memory_win.cc(73)] ReadMemory at 0x7ff870e52ff4 of 608 bytes failed: Only part of a ReadProcessMemory or WriteProcessMemory request was completed. (0x12B)
[0927/174441.283:ERROR:process_memory_win.cc(73)] ReadMemory at 0x7ff870edc0c8 of 18 bytes failed: Only part of a ReadProcessMemory or WriteProcessMemory request was completed. (0x12B)
[0927/174441.283:ERROR:process_memory_win.cc(73)] ReadMemory at 0x7ff870f0f4f8 of 40 bytes failed: Only part of a ReadProcessMemory or WriteProcessMemory request was completed. (0x12B)
[0927/174441.283:ERROR:process_memory_win.cc(73)] ReadMemory at 0x7ff870f0f978 of 48 bytes failed: Only part of a ReadProcessMemory or WriteProcessMemory request was completed. (0x12B)
[0927/174441.283:ERROR:process_memory_win.cc(73)] ReadMemory at 0x7ff870f153a0 of 64 bytes failed: Only part of a ReadProcessMemory or WriteProcessMemory request was completed. (0x12B)
[0927/174447.926:ERROR:scoped_process_suspend.cc(40)] NtResumeProcess: An attempt was made to access an exiting process. (0xc000010a)
